<?xml version="1.0" encoding="UTF-8"?>
<testng-results skipped="0" failed="0" ignored="0" total="1" passed="1">
  <reporter-output>
  </reporter-output>
  <suite name="Surefire suite" duration-ms="5588" started-at="2020-12-03T08:11:52Z" finished-at="2020-12-03T08:11:58Z">
    <groups>
    </groups>
    <test name="Surefire test" duration-ms="5588" started-at="2020-12-03T08:11:52Z" finished-at="2020-12-03T08:11:58Z">
      <class name="Test1">
        <test-method status="PASS" signature="setup()[pri:0, instance:Test1@3b956878]" name="setup" is-config="true" duration-ms="1951" started-at="2020-12-03T13:41:52Z" finished-at="2020-12-03T13:41:54Z">
          <reporter-output>
          </reporter-output>
        </test-method> <!-- setup -->
        <test-method status="PASS" signature="test()[pri:0, instance:Test1@3b956878]" name="test" duration-ms="3258" started-at="2020-12-03T13:41:54Z" finished-at="2020-12-03T13:41:57Z">
          <reporter-output>
          </reporter-output>
        </test-method> <!-- test -->
      </class> <!-- Test1 -->
    </test> <!-- Surefire test -->
  </suite> <!-- Surefire suite -->
</testng-results>
